# file opened: /home/carles/Projectes/zx/parachute/parachute_logo.asm
 1    0000
 2    0000
 3    0000              logo:
 4    0000 40 40 40 40      defw 0x4040, 0x4040, 0x4040, 0x4040, 0x4040, 0x4040, 0x4040, 0x4040
 4    0004 40 40 40 40
 4    0008 40 40 40 40
 4    000C 40 40 40 40
 5    0010 40 40 40 40      defw 0x4040, 0x4040, 0x4040, 0x4040, 0x4040, 0x4040, 0x4040, 0x4040
 5    0014 40 40 40 40
 5    0018 40 40 40 40
 5    001C 40 40 40 40
 6    0020 40 40 40 40      defw 0x4040, 0x4040, 0x4040, 0x4040, 0x4040, 0x4040, 0x4040, 0x4040
 6    0024 40 40 40 40
 6    0028 40 40 40 40
 6    002C 40 40 40 40
 7    0030 40 40 40 40      defw 0x4040, 0x4040, 0x4040, 0x4040, 0x0000, 0x4040, 0x4040, 0x4040
 7    0034 40 40 40 40
 7    0038 00 00 40 40
 7    003C 40 40 40 40
 8    0040 38 38 38 38      defw 0x3838, 0x3838, 0x3838, 0x3838, 0x3838, 0x3838, 0x383b, 0x3b38
 8    0044 38 38 38 38
 8    0048 38 38 38 38
 8    004C 3B 38 38 3B
 9    0050 3D 38 39 3D      defw 0x383d, 0x3d39, 0x3939, 0x3a3a, 0x3d3d, 0x3d3d, 0x3d3a, 0x3a3a
 9    0054 39 39 3A 3A
 9    0058 3D 3D 3D 3D
 9    005C 3A 3D 3A 3A
10    0060 39 38 3B 39      defw 0x3839, 0x393b, 0x3b3a, 0x3a39, 0x3d3d, 0x3939, 0x383b, 0x3b38
10    0064 3A 3B 39 3A
10    0068 3D 3D 39 39
10    006C 3B 38 38 3B
11    0070 3D 3D 39 3D      defw 0x3d3d, 0x3d39, 0x3938, 0x3a3a, 0x383b, 0x3b3b, 0x3b3b, 0x3b38
11    0074 38 39 3A 3A
11    0078 3B 38 3B 3B
11    007C 3B 3B 38 3B
12    0080 3A 38 3B 3A      defw 0x383a, 0x3a3b, 0x3b3a, 0x3a39, 0x3d3d, 0x3939, 0x383b, 0x3b38
12    0084 3A 3B 39 3A
12    0088 3D 3D 39 39
12    008C 3B 38 38 3B
13    0090 3D 3D 38 38      defw 0x3d3d, 0x3838, 0x3b3b, 0x3b39, 0x393b, 0x3b3b, 0x3b3b, 0x3b3b
13    0094 3B 3B 39 3B
13    0098 3B 39 3B 3B
13    009C 3B 3B 3B 3B
14    00A0 3C 3C 3B 38      defw 0x3c3c, 0x383b, 0x3b3a, 0x3a38, 0x3d3d, 0x3939, 0x383b, 0x3b38
14    00A4 3A 3B 38 3A
14    00A8 3D 3D 39 39
14    00AC 3B 38 38 3B
15    00B0 3D 3D 3C 3C      defw 0x3d3d, 0x3c3c, 0x3b3b, 0x3b39, 0x393b, 0x3b3b, 0x3b3b, 0x3b3b
15    00B4 3B 3B 39 3B
15    00B8 3B 39 3B 3B
15    00BC 3B 3B 3B 3B
16    00C0 3C 3C 3C 3C      defw 0x3c3c, 0x3c3c, 0x3c3c, 0x3c3c, 0x3c38, 0x3a3a, 0x3a38, 0x3a3a
16    00C4 3C 3C 3C 3C
16    00C8 38 3C 3A 3A
16    00CC 38 3A 3A 3A
17    00D0 3C 3A 3C 3C      defw 0x3a3c, 0x3c3c, 0x3b3b, 0x3838, 0x3b3a, 0x3a3b, 0x3b3b, 0x3b38
17    00D4 3B 3B 38 38
17    00D8 3A 3B 3B 3A
17    00DC 3B 3B 38 3B
18    00E0 3C 3C 38 3C      defw 0x3c3c, 0x3c38, 0x383c, 0x3c3c, 0x3c38, 0x3a3a, 0x3a38, 0x3a3a
18    00E4 3C 38 3C 3C
18    00E8 38 3C 3A 3A
18    00EC 38 3A 3A 3A
19    00F0 3C 3A 38 3C      defw 0x3a3c, 0x3c38, 0x3a3a, 0x3a3b, 0x3b3a, 0x3a38, 0x3838, 0x3838
19    00F4 3A 3A 3B 3A
19    00F8 3A 3B 38 3A
19    00FC 38 38 38 38
20    0100 22 3C 78 38      defw 0x3c22, 0x3878, 0x7838, 0x3d3d, 0x3d38, 0x3a3a, 0x3a38, 0x3a3a
20    0104 38 78 3D 3D
20    0108 38 3D 3A 3A
20    010C 38 3A 3A 3A
21    0110 3C 3A 38 3C      defw 0x3a3c, 0x3c38, 0x3a3a, 0x3a3b, 0x3b3a, 0x3c3c, 0x3c3c, 0x3c3c
21    0114 3A 3A 3B 3A
21    0118 3A 3B 3C 3C
21    011C 3C 3C 3C 3C
22    0120 10 3A 78 38      defw 0x3a10, 0x3878, 0x7838, 0x3d3d, 0x3939, 0x393a, 0x3939, 0x3939
22    0124 38 78 3D 3D
22    0128 39 39 3A 39
22    012C 39 39 39 39
23    0130 3A 3A 3B 3B      defw 0x3a3a, 0x3b3b, 0x3b3a, 0x3a38, 0x383c, 0x3c3c, 0x3c22, 0x3c3c
23    0134 3A 3B 38 3A
23    0138 3C 38 3C 3C
23    013C 22 3C 3C 3C
24    0140 10 3A 38 38      defw 0x3a10, 0x3838, 0x3b3b, 0x3839, 0x3939, 0x3938, 0x3939, 0x3939
24    0144 3B 3B 39 38
24    0148 39 39 38 39
24    014C 39 39 39 39
25    0150 38 38 3B 3B      defw 0x3838, 0x3b3b, 0x3b3b, 0x3a3d, 0x3d39, 0x3938, 0x3c3a, 0x3a3c
25    0154 3B 3B 3D 3A
25    0158 39 3D 38 39
25    015C 3A 3C 3C 3A
26    0160 38 3A 38 38      defw 0x3a38, 0x3838, 0x383b, 0x3b38, 0x3939, 0x3938, 0x3939, 0x3939
26    0164 3B 38 38 3B
26    0168 39 39 38 39
26    016C 39 39 39 39
27    0170 38 38 3B 3B      defw 0x3838, 0x3b3b, 0x3b3b, 0x3d3d, 0x3d39, 0x3939, 0x3c3a, 0x3a3a
27    0174 3B 3B 3D 3D
27    0178 39 3D 39 39
27    017C 3A 3C 3A 3A
28    0180 3C 3A 38 38      defw 0x3a3c, 0x3838, 0x383b, 0x3b38, 0x3839, 0x3938, 0x3839, 0x3939
28    0184 3B 38 38 3B
28    0188 39 38 38 39
28    018C 39 38 39 39
29    0190 38 38 3B 38      defw 0x3838, 0x383b, 0x3b38, 0x3d3d, 0x3d38, 0x3939, 0x383c, 0x3a3a
29    0194 38 3B 3D 3D
29    0198 38 3D 39 39
29    019C 3C 38 3A 3A
30    01A0 3C 3C 3C 3C      defw 0x3c3c, 0x3c3c, 0x383d, 0x3d3d, 0x3d38, 0x3838, 0x3d3d, 0x3d3d
30    01A4 3D 38 3D 3D
30    01A8 38 3D 38 38
30    01AC 3D 3D 3D 3D
31    01B0 38 38 39 38      defw 0x3838, 0x3839, 0x3939, 0x393d, 0x3838, 0x3939, 0x3c3c, 0x3c3c
31    01B4 39 39 3D 39
31    01B8 38 38 39 39
31    01BC 3C 3C 3C 3C
32    01C0 3C 3C 3C 3C      defw 0x3c3c, 0x3c3c, 0x383d, 0x3d3d, 0x3d38, 0x3838, 0x3d3d, 0x3d3d
32    01C4 3D 38 3D 3D
32    01C8 38 3D 38 38
32    01CC 3D 3D 3D 3D
33    01D0 38 38 39 38      defw 0x3838, 0x3839, 0x3939, 0x3938, 0x3838, 0x383c, 0x3c3c, 0x3c3c
33    01D4 39 39 38 39
33    01D8 38 38 3C 38
33    01DC 3C 3C 3C 3C
34    01E0 3A 3A 3B 3C      defw 0x3a3a, 0x3c3b, 0x3b3d, 0x3d3d, 0x3d39, 0x3939, 0x3d3d, 0x3d3d
34    01E4 3D 3B 3D 3D
34    01E8 39 3D 39 39
34    01EC 3D 3D 3D 3D
35    01F0 3A 3A 39 3A      defw 0x3a3a, 0x3a39, 0x3939, 0x3938, 0x3838, 0x383c, 0x3c3c, 0x3a3a
35    01F4 39 39 38 39
35    01F8 38 38 3C 38
35    01FC 3C 3C 3A 3A
36    0200 3A 3A 3B 3A      defw 0x3a3a, 0x3a3b, 0x3b3b, 0x3d3d, 0x3d39, 0x3939, 0x3d3d, 0x3d38
36    0204 3B 3B 3D 3D
36    0208 39 3D 39 39
36    020C 3D 3D 38 3D
37    0210 3A 3A 39 3A      defw 0x3a3a, 0x3a39, 0x3939, 0x3938, 0x3d3d, 0x3d3d, 0x3d38, 0x3a3a
37    0214 39 39 38 39
37    0218 3D 3D 3D 3D
37    021C 38 3D 3A 3A
38    0220 3A 3A 3B 38      defw 0x3a3a, 0x383b, 0x3b3b, 0x3b3b, 0x3b39, 0x3939, 0x3939, 0x3938
38    0224 3B 3B 3B 3B
38    0228 39 3B 39 39
38    022C 39 39 38 39
39    0230 3A 3A 3A 3A      defw 0x3a3a, 0x3a3a, 0x3a3a, 0x3a39, 0x3938, 0x3a3a, 0x383b, 0x3b3a
39    0234 3A 3A 39 3A
39    0238 38 39 3A 3A
39    023C 3B 38 3A 3B
40    0240 6F 6F 6F 6F      defw 0x6f6f, 0x6f6f, 0x6f6f, 0x6969, 0x696f, 0x6969, 0x6b6b, 0x6b6f
40    0244 6F 6F 69 69
40    0248 6F 69 69 69
40    024C 6B 6B 6F 6B
41    0250 6F 6F 6E 6E      defw 0x6f6f, 0x6e6e, 0x6e6e, 0x6f69, 0x6969, 0x6a6a, 0x6a6b, 0x6b6b
41    0254 6E 6E 69 6F
41    0258 69 69 6A 6A
41    025C 6B 6A 6B 6B
42    0260 6F 6F 6F 6F      defw 0x6f6f, 0x6f6f, 0x6f69, 0x6969, 0x696a, 0x6a6b, 0x6b6b, 0x6b6b
42    0264 69 6F 69 69
42    0268 6A 69 6B 6A
42    026C 6B 6B 6B 6B
43    0270 6C 6C 6E 6E      defw 0x6c6c, 0x6e6e, 0x6e6c, 0x6c6b, 0x6b6b, 0x6f6f, 0x6f6f, 0x6f6f
43    0274 6C 6E 6B 6C
43    0278 6B 6B 6F 6F
43    027C 6F 6F 6F 6F
44    0280 6F 6F 6F 6F      defw 0x6f6f, 0x6f6f, 0x6f6f, 0x6e6e, 0x6f6c, 0x6c6c, 0x6a6a, 0x6f69
44    0284 6F 6F 6E 6E
44    0288 6C 6F 6C 6C
44    028C 6A 6A 69 6F
45    0290 69 69 6C 6C      defw 0x6969, 0x6c6c, 0x6c6c, 0x6c6b, 0x6b6b, 0x6f6f, 0x6f6f, 0x6f6f
45    0294 6C 6C 6B 6C
45    0298 6B 6B 6F 6F
45    029C 6F 6F 6F 6F
46    02A0 6A 6A 6A 6A      defw 0x6a6a, 0x6a6a, 0x6a6f, 0x6e6e, 0x6f6c, 0x6c6c, 0x6a6a, 0x6f69
46    02A4 6F 6A 6E 6E
46    02A8 6C 6F 6C 6C
46    02AC 6A 6A 69 6F
47    02B0 6F 69 6C 6C      defw 0x696f, 0x6c6c, 0x6c6c, 0x6c6b, 0x6b6b, 0x6f6a, 0x6a6a, 0x6a6a
47    02B4 6C 6C 6B 6C
47    02B8 6B 6B 6A 6F
47    02BC 6A 6A 6A 6A
48    02C0 42 40 42 42      defw 0x4042, 0x4242, 0x4046, 0x4747, 0x4000, 0x0000, 0x0000, 0x0000
48    02C4 46 40 47 47
48    02C8 00 40 00 00
48    02CC 00 00 00 00
49    02D0
50    02D0              parachute_logo_attributes:
51    02D0 00 00 00 00      defw 0x0000, 0x0000, 0x0000, 0x0000, 0x4747, 0x4640, 0x4242, 0x4240
51    02D4 00 00 00 00
51    02D8 47 47 40 46
51    02DC 42 42 40 42
52    02E0 02 40 02 02      defw 0x4002, 0x0202, 0x0006, 0x0607, 0x0000, 0x0000, 0x0000, 0x0000
52    02E4 06 00 07 06
52    02E8 00 00 00 00
52    02EC 00 00 00 00
53    02F0 00 00 00 00      defw 0x0000, 0x0000, 0x0000, 0x0000, 0x0706, 0x0640, 0x0202, 0x0200
53    02F4 00 00 00 00
53    02F8 06 07 40 06
53    02FC 02 02 00 02
# file closed: /home/carles/Projectes/zx/parachute/parachute_logo.asm
